Flutter crash report.
Please report a bug at https://github.com/flutter/flutter/issues.

## command

flutter run --machine --start-paused -d chrome --devtools-server-address http://127.0.0.1:9100/ --target C:\Users\İlter\Desktop\a\zikirmatik\lib\main.dart

## exception

_CompileTimeError: error: Unexpected tag 143 (VariablePattern) in ::._cmakeRelativePluginSymlinkDirectoryPath@184112237, expected expression

```
#0      _writeLinuxPluginFiles (package:flutter_tools/src/flutter_plugins.dart:842:19)
#1      injectPlugins (package:flutter_tools/src/flutter_plugins.dart:1275:11)
<asynchronous suspension>
#2      FlutterProject.ensureReadyForPlatformSpecificTooling (package:flutter_tools/src/project.dart:398:5)
<asynchronous suspension>
#3      FlutterCommand.regeneratePlatformSpecificToolingIfApplicable (package:flutter_tools/src/runner/flutter_command.dart:1941:5)
<asynchronous suspension>
#4      FlutterCommand.verifyThenRunCommand (package:flutter_tools/src/runner/flutter_command.dart:1897:7)
<asynchronous suspension>
#5      FlutterCommand.run.<anonymous closure> (package:flutter_tools/src/runner/flutter_command.dart:1563:27)
<asynchronous suspension>
#6      AppContext.run.<anonymous closure> (package:flutter_tools/src/base/context.dart:154:19)
<asynchronous suspension>
#7      CommandRunner.runCommand (package:args/command_runner.dart:212:13)
<asynchronous suspension>
#8      FlutterCommandRunner.runCommand.<anonymous closure> (package:flutter_tools/src/runner/flutter_command_runner.dart:494:9)
<asynchronous suspension>
#9      AppContext.run.<anonymous closure> (package:flutter_tools/src/base/context.dart:154:19)
<asynchronous suspension>
#10     FlutterCommandRunner.runCommand (package:flutter_tools/src/runner/flutter_command_runner.dart:431:5)
<asynchronous suspension>
#11     run.<anonymous closure>.<anonymous closure> (package:flutter_tools/runner.dart:98:11)
<asynchronous suspension>
#12     AppContext.run.<anonymous closure> (package:flutter_tools/src/base/context.dart:154:19)
<asynchronous suspension>
#13     main (package:flutter_tools/executable.dart:102:3)
<asynchronous suspension>
```

## flutter doctor

```
[✓] Flutter (Channel stable, 3.32.5, on Microsoft Windows [Version 10.0.19043.1288], locale tr-TR) [1.012ms]
    • Flutter version 3.32.5 on channel stable at C:\src\flutter
    • Upstream repository https://github.com/flutter/flutter.git
    • Framework revision fcf2c11572 (4 weeks ago), 2025-06-24 11:44:07 -0700
    • Engine revision dd93de6fb1
    • Dart version 3.8.1
    • DevTools version 2.45.1

[✓] Windows Version (10 Pro 64 bit, 21H1, 2009) [5,0s]

[✓] Android toolchain - develop for Android devices (Android SDK version 33.0.2) [9,4s]
    • Android SDK at C:\Android
    • Platform android-33, build-tools 33.0.2
    • ANDROID_HOME = C:\Android
    • Java binary at: C:\Program Files\Eclipse Adoptium\jdk-17.0.15.6\bin\java
      This JDK is specified by the JAVA_HOME environment variable.
      To manually set the JDK path, use: `flutter config --jdk-dir="path/to/jdk"`.
    • Java version OpenJDK Runtime Environment Temurin-17.0.15+6 (build 17.0.15+6)
    • All Android licenses accepted.

[✓] Chrome - develop for the web [28ms]
    • Chrome at C:\Program Files\Google\Chrome\Application\chrome.exe

[✗] Visual Studio - develop Windows apps [25ms]
    ✗ Visual Studio not installed; this is necessary to develop Windows apps.
      Download at https://visualstudio.microsoft.com/downloads/.
      Please install the "Desktop development with C++" workload, including all of its default components

[!] Android Studio (not installed) [17ms]
    • Android Studio not found; download from https://developer.android.com/studio/index.html
      (or visit https://flutter.dev/to/windows-android-setup for detailed instructions).

[✓] VS Code (version 1.102.2) [16ms]
    • VS Code at C:\Users\İlter\AppData\Local\Programs\Microsoft VS Code
    • Flutter extension version 3.114.0

[✓] Connected device (3 available) [553ms]
    • Windows (desktop) • windows • windows-x64    • Microsoft Windows [Version 10.0.19043.1288]
    • Chrome (web)      • chrome  • web-javascript • Google Chrome 138.0.7204.158
    • Edge (web)        • edge    • web-javascript • Microsoft Edge 138.0.3351.95

[✓] Network resources [915ms]
    • All expected network resources are available.

! Doctor found issues in 2 categories.
```
